[LOG] System::create                           : Header version = 1.10.06. Current version = 1.10.06.
[LOG] SystemI::setOutputInternal               : Setting output to 'FMOD WASAPI Output'
[LOG] Manager::init                            : maxchannels = 1024 studioflags = 00000009 flags 00000000 extradriverdata 0000000000000000.
[LOG] SystemI::init                            : Initialize version=11006 (95384), maxchannels=1024, flags=0x00030000
[LOG] OutputWASAPI::init                       : Mix Format (WAVEFORMATEX): wFormatTag=0xFFFE, nChannels=2, nSamplesPerSec=48000, nAvgBytesPerSec=384000, nBlockAlign=8, wBitsPerSample=32, cbSize=22.
[LOG] OutputWASAPI::init                       : Mix Format (WAVEFORMATEXTENSIBLE): wValidBitsPerSample=32, dwChannelMask=0x00000003, SubFormat=00000003-0000-0010-8000-00AA00389B71.
[LOG] OutputWASAPI::init                       : Output buffer size: 4096 samples, latency: 10.67ms, period: 10.00ms, DSP buffer: 1024 * 4
[LOG] Thread::initThread                       : Init FMOD stream thread. Priority: 2, Stack Size: 65536, Semaphore: No, Sleep Time: 10, Looping: Yes.
[LOG] SystemI::DSPCodecPoolRegister            : register codec pool for pool type 5
[LOG] Thread::initThread                       : Init FMOD mixer thread. Priority: 3, Stack Size: 49152, Semaphore: No, Sleep Time: 0, Looping: Yes.
[LOG] AsyncManager::init                       : manager 0000000045E8A2D8 isAsync 1 updatePeriod 0.02
[LOG] Thread::initThread                       : Init FMOD Studio update thread. Priority: 0, Stack Size: 65536, Semaphore: No, Sleep Time: 1, Looping: No.
[LOG] AsyncManager::init                       : done
[LOG] PlaybackSystem::init                     : 
[LOG] Thread::initThread                       : Init FMOD Studio sample load thread. Priority: 0, Stack Size: 65536, Semaphore: No, Sleep Time: 1, Looping: No.
[LOG] PlaybackSystem::init                     : done
[LOG] LiveUpdate::init                         : 
[LOG] Thread::initThread                       : Init FMOD Studio bank load thread. Priority: 0, Stack Size: 65536, Semaphore: No, Sleep Time: 1, Looping: No.
[LOG] Manager::init                            : done.
[LOG] Profile::init                            : Profiler listening on port: 9264
[LOG] Manager::readBank                        : fileversion = 100, compatVersion = 99 (oldest = 44, newest = 100)
[LOG] Manager::readBank                        : fileversion = 100, compatVersion = 99 (oldest = 44, newest = 100)
[LOG] PlaybackSystem::acquireMasterBus         : Setting master channel group format to 6
[LOG] SystemI::createSound                     : filename = C:\Users\Carlinhos\Documents\UnityProjects\the-legend-of-neyney\FMOD\PressStart\Build\Desktop/Master Bank.bank : mode 02010082
[LOG] SystemI::createSound                     : FMOD_NONBLOCKING specified.  Putting into queue to be opened asynchronously!
[LOG] Thread::initThread                       : Init FMOD nonblocking thread (0). Priority: 1, Stack Size: 81920, Semaphore: Yes, Sleep Time: 0, Looping: Yes.
[LOG] SystemI::createSound                     : setdata soundi = 000000003A059538 : node = 000000003A209DE0
[LOG] SystemI::createSound                     : add node to async list : head = 0000000015B72138.  list count = 0
[LOG] AsyncThread::threadFunc                  : Starting Asynchronous operation on sound 000000003A059538
[LOG] SystemI::createSoundInternal             :     Create name='C:\Users\Carlinhos\Documents\UnityProjects\the-legend-of-neyney\FMOD\PressStart\Build\Desktop/Master Bank.bank', mode=0x02010082
[LOG] SystemI::createSoundInternal             :     exinfo->cbsize             = 232
[LOG] SystemI::createSoundInternal             :     exinfo->length             = 4435680
[LOG] SystemI::createSoundInternal             :     exinfo->fileoffset         = 22208
[LOG] SystemI::createSoundInternal             :     exinfo->numsubsounds       = 1
[LOG] SystemI::createSoundInternal             :     exinfo->inclusionlist      = 000000003A209EF8
[LOG] SystemI::createSoundInternal             :     exinfo->inclusionlistnum   = 1
[LOG] SystemI::createSoundInternal             :     exinfo->suggestedsoundtype = 5
[LOG] SystemI::createSoundInternal             :     exinfo->initialseekpostype = 1
[LOG] SystemI::createSoundInternal             :     Stream 0/1: name='Lelek Fountain', format=2, channels=2, frequency=48000, lengthbytes=2917120, lengthpcm=9239098, pcmblocksize=0, loopstart=0, loopend=0, mode=0x00000000, channelmask=0x00000000, channelorder=0, peakvolume=0.922333.
[LOG] Thread::initThread                       :     Init FMOD file thread. Priority: 1, Stack Size: 16384, Semaphore: No, Sleep Time: 10, Looping: Yes.
[LOG] AsyncThread::threadFunc                  : Finished Asynchronous operation on sound 000000003A059538
[LOG] SoundI::getSubSound                      : sound 000000003A059538.  Subsound index 0 / 1
[LOG] SystemI::createSoundInternal             : Create name='', mode=0x02000202
[LOG] SystemI::createSoundInternal             : exinfo->cbsize             = 232
[LOG] SystemI::createSoundInternal             : exinfo->length             = 4435680
[LOG] SystemI::createSoundInternal             : exinfo->fileoffset         = 22208
[LOG] SystemI::createSoundInternal             : exinfo->numsubsounds       = 1
[LOG] SystemI::createSoundInternal             : exinfo->inclusionlist      = 00000000377EF5FC
[LOG] SystemI::createSoundInternal             : exinfo->inclusionlistnum   = 1
[LOG] SystemI::createSoundInternal             : exinfo->suggestedsoundtype = 5
[LOG] SystemI::createSoundInternal             : exinfo->useropen           = 000007FEC75FE4B0
[LOG] SystemI::createSoundInternal             : exinfo->userclose          = 000007FEC75FE480
[LOG] SystemI::createSoundInternal             : exinfo->userread           = 000007FEC75FE580
[LOG] SystemI::createSoundInternal             : exinfo->userseek           = 000007FEC75FE640
[LOG] SystemI::createSoundInternal             : exinfo->fileuserdata       = 00000000455D2318
[LOG] SystemI::createSoundInternal             : exinfo->initialseekpostype = 1
[LOG] SystemI::DSPCodecPoolRegister            : register codec pool for pool type 5
[LOG] SystemI::createSoundInternal             : Sample 0/1: name='SFX - iniciar jogo (v2)', format=2, channels=2, frequency=48000, lengthbytes=18112, lengthpcm=66000, pcmblocksize=0, loopstart=0, loopend=0, mode=0x00000000, channelmask=0x00000000, channelorder=0, peakvolume=0.708557.
[LOG] SystemI::createSound                     : filename = C:\Users\Carlinhos\Documents\UnityProjects\the-legend-of-neyney\FMOD\PressStart\Build\Desktop/Master Bank.bank : mode 02010082
[LOG] SystemI::createSound                     : FMOD_NONBLOCKING specified.  Putting into queue to be opened asynchronously!
[LOG] SystemI::createSound                     : setdata soundi = 000000003A0596E8 : node = 000000003A209B40
[LOG] SystemI::createSound                     : add node to async list : head = 0000000015B72138.  list count = 0
[LOG] AsyncThread::threadFunc                  : Starting Asynchronous operation on sound 000000003A0596E8
[LOG] SystemI::createSoundInternal             :     Create name='C:\Users\Carlinhos\Documents\UnityProjects\the-legend-of-neyney\FMOD\PressStart\Build\Desktop/Master Bank.bank', mode=0x02010082
[LOG] SystemI::createSoundInternal             :     exinfo->cbsize             = 232
[LOG] SystemI::createSoundInternal             :     exinfo->length             = 4435680
[LOG] SystemI::createSoundInternal             :     exinfo->fileoffset         = 22208
[LOG] SystemI::createSoundInternal             :     exinfo->numsubsounds       = 1
[LOG] SystemI::createSoundInternal             :     exinfo->inclusionlist      = 000000003A209C58
[LOG] SystemI::createSoundInternal             :     exinfo->inclusionlistnum   = 1
[LOG] SystemI::createSoundInternal             :     exinfo->suggestedsoundtype = 5
[LOG] SystemI::createSoundInternal             :     exinfo->initialseekpostype = 1
[LOG] SystemI::createSoundInternal             :     Stream 0/1: name='Na Cadência da Desgraça', format=2, channels=2, frequency=48000, lengthbytes=1430816, lengthpcm=5019428, pcmblocksize=0, loopstart=0, loopend=0, mode=0x00000000, channelmask=0x00000000, channelorder=0, peakvolume=0.349335.
[LOG] AsyncThread::threadFunc                  : Finished Asynchronous operation on sound 000000003A0596E8
[LOG] SoundI::getSubSound                      : sound 000000003A0596E8.  Subsound index 0 / 1
[LOG] SoundI::release                          : Lelek Fountain (000000003A059538)
[LOG] SoundI::release                          :     Lelek Fountain (0000000015B71B08)
[LOG] SoundI::release                          :     Lelek Fountain (000000003A0591D8)
[LOG] SystemI::createSoundInternal             : Create name='', mode=0x02000202
[LOG] SystemI::createSoundInternal             : exinfo->cbsize             = 232
[LOG] SystemI::createSoundInternal             : exinfo->length             = 4435680
[LOG] SystemI::createSoundInternal             : exinfo->fileoffset         = 22208
[LOG] SystemI::createSoundInternal             : exinfo->numsubsounds       = 1
[LOG] SystemI::createSoundInternal             : exinfo->inclusionlist      = 00000000377EF5FC
[LOG] SystemI::createSoundInternal             : exinfo->inclusionlistnum   = 1
[LOG] SystemI::createSoundInternal             : exinfo->suggestedsoundtype = 5
[LOG] SystemI::createSoundInternal             : exinfo->useropen           = 000007FEC75FE4B0
[LOG] SystemI::createSoundInternal             : exinfo->userclose          = 000007FEC75FE480
[LOG] SystemI::createSoundInternal             : exinfo->userread           = 000007FEC75FE580
[LOG] SystemI::createSoundInternal             : exinfo->userseek           = 000007FEC75FE640
[LOG] SystemI::createSoundInternal             : exinfo->fileuserdata       = 00000000455D2318
[LOG] SystemI::createSoundInternal             : exinfo->initialseekpostype = 1
[LOG] SystemI::DSPCodecPoolRegister            : register codec pool for pool type 5
[LOG] SystemI::createSoundInternal             : Sample 0/1: name='SFX - passar dialogo', format=2, channels=2, frequency=48000, lengthbytes=2080, lengthpcm=8512, pcmblocksize=0, loopstart=0, loopend=0, mode=0x00000000, channelmask=0x00000000, channelorder=0, peakvolume=0.189484.
[LOG] SoundI::release                          : Na Cadência da Desgraça (000000003A0596E8)
[LOG] SoundI::release                          :     Na Cadência da Desgraça (0000000015B71CA8)
[LOG] SoundI::release                          :     Na Cadência da Desgraça (000000003A059898)
[LOG] SystemI::createSoundInternal             : Create name='', mode=0x02000202
[LOG] SystemI::createSoundInternal             : exinfo->cbsize             = 232
[LOG] SystemI::createSoundInternal             : exinfo->length             = 4435680
[LOG] SystemI::createSoundInternal             : exinfo->fileoffset         = 22208
[LOG] SystemI::createSoundInternal             : exinfo->numsubsounds       = 1
[LOG] SystemI::createSoundInternal             : exinfo->inclusionlist      = 00000000377EF5FC
[LOG] SystemI::createSoundInternal             : exinfo->inclusionlistnum   = 1
[LOG] SystemI::createSoundInternal             : exinfo->suggestedsoundtype = 5
[LOG] SystemI::createSoundInternal             : exinfo->useropen           = 000007FEC75FE4B0
[LOG] SystemI::createSoundInternal             : exinfo->userclose          = 000007FEC75FE480
[LOG] SystemI::createSoundInternal             : exinfo->userread           = 000007FEC75FE580
[LOG] SystemI::createSoundInternal             : exinfo->userseek           = 000007FEC75FE640
[LOG] SystemI::createSoundInternal             : exinfo->fileuserdata       = 00000000455D2318
[LOG] SystemI::createSoundInternal             : exinfo->initialseekpostype = 1
[LOG] SystemI::DSPCodecPoolRegister            : register codec pool for pool type 5
[LOG] SystemI::createSoundInternal             : Sample 0/1: name='SFX - icone de acao', format=2, channels=2, frequency=48000, lengthbytes=2272, lengthpcm=6656, pcmblocksize=0, loopstart=0, loopend=0, mode=0x00000000, channelmask=0x00000000, channelorder=0, peakvolume=0.187744.
[LOG] SystemI::createSoundInternal             : Create name='', mode=0x02000202
[LOG] SystemI::createSoundInternal             : exinfo->cbsize             = 232
[LOG] SystemI::createSoundInternal             : exinfo->length             = 4435680
[LOG] SystemI::createSoundInternal             : exinfo->fileoffset         = 22208
[LOG] SystemI::createSoundInternal             : exinfo->numsubsounds       = 1
[LOG] SystemI::createSoundInternal             : exinfo->inclusionlist      = 00000000377EF5FC
[LOG] SystemI::createSoundInternal             : exinfo->inclusionlistnum   = 1
[LOG] SystemI::createSoundInternal             : exinfo->suggestedsoundtype = 5
[LOG] SystemI::createSoundInternal             : exinfo->useropen           = 000007FEC75FE4B0
[LOG] SystemI::createSoundInternal             : exinfo->userclose          = 000007FEC75FE480
[LOG] SystemI::createSoundInternal             : exinfo->userread           = 000007FEC75FE580
[LOG] SystemI::createSoundInternal             : exinfo->userseek           = 000007FEC75FE640
[LOG] SystemI::createSoundInternal             : exinfo->fileuserdata       = 00000000455D2318
[LOG] SystemI::createSoundInternal             : exinfo->initialseekpostype = 1
[LOG] SystemI::DSPCodecPoolRegister            : register codec pool for pool type 5
[LOG] SystemI::createSoundInternal             : Sample 0/1: name='SFX - Ganhando a bola', format=2, channels=2, frequency=48000, lengthbytes=36640, lengthpcm=132000, pcmblocksize=0, loopstart=0, loopend=0, mode=0x00000000, channelmask=0x00000000, channelorder=0, peakvolume=0.713684.
[LOG] SystemI::createSoundInternal             : Create name='', mode=0x02000202
[LOG] SystemI::createSoundInternal             : exinfo->cbsize             = 232
[LOG] SystemI::createSoundInternal             : exinfo->length             = 4435680
[LOG] SystemI::createSoundInternal             : exinfo->fileoffset         = 22208
[LOG] SystemI::createSoundInternal             : exinfo->numsubsounds       = 1
[LOG] SystemI::createSoundInternal             : exinfo->inclusionlist      = 00000000377EF5FC
[LOG] SystemI::createSoundInternal             : exinfo->inclusionlistnum   = 1
[LOG] SystemI::createSoundInternal             : exinfo->suggestedsoundtype = 5
[LOG] SystemI::createSoundInternal             : exinfo->useropen           = 000007FEC75FE4B0
[LOG] SystemI::createSoundInternal             : exinfo->userclose          = 000007FEC75FE480
[LOG] SystemI::createSoundInternal             : exinfo->userread           = 000007FEC75FE580
[LOG] SystemI::createSoundInternal             : exinfo->userseek           = 000007FEC75FE640
[LOG] SystemI::createSoundInternal             : exinfo->fileuserdata       = 00000000455D2318
[LOG] SystemI::createSoundInternal             : exinfo->initialseekpostype = 1
[LOG] SystemI::DSPCodecPoolRegister            : register codec pool for pool type 5
[LOG] SystemI::createSoundInternal             : Sample 0/1: name='SFX - Chute', format=2, channels=2, frequency=48000, lengthbytes=2944, lengthpcm=12000, pcmblocksize=0, loopstart=0, loopend=0, mode=0x00000000, channelmask=0x00000000, channelorder=0, peakvolume=0.238617.
[LOG] SystemI::createSoundInternal             : Create name='', mode=0x02000202
[LOG] SystemI::createSoundInternal             : exinfo->cbsize             = 232
[LOG] SystemI::createSoundInternal             : exinfo->length             = 4435680
[LOG] SystemI::createSoundInternal             : exinfo->fileoffset         = 22208
[LOG] SystemI::createSoundInternal             : exinfo->numsubsounds       = 1
[LOG] SystemI::createSoundInternal             : exinfo->inclusionlist      = 00000000377EF5FC
[LOG] SystemI::createSoundInternal             : exinfo->inclusionlistnum   = 1
[LOG] SystemI::createSoundInternal             : exinfo->suggestedsoundtype = 5
[LOG] SystemI::createSoundInternal             : exinfo->useropen           = 000007FEC75FE4B0
[LOG] SystemI::createSoundInternal             : exinfo->userclose          = 000007FEC75FE480
[LOG] SystemI::createSoundInternal             : exinfo->userread           = 000007FEC75FE580
[LOG] SystemI::createSoundInternal             : exinfo->userseek           = 000007FEC75FE640
[LOG] SystemI::createSoundInternal             : exinfo->fileuserdata       = 00000000455D2318
[LOG] SystemI::createSoundInternal             : exinfo->initialseekpostype = 1
[LOG] SystemI::DSPCodecPoolRegister            : register codec pool for pool type 5
[LOG] SystemI::createSoundInternal             : Sample 0/1: name='SFX - Bola - Voltando', format=2, channels=2, frequency=48000, lengthbytes=5312, lengthpcm=24000, pcmblocksize=0, loopstart=0, loopend=0, mode=0x00000000, channelmask=0x00000000, channelorder=0, peakvolume=0.242371.
[LOG] SoundI::release                          :  (000000003A05A798)
[LOG] SoundI::release                          :     SFX - iniciar jogo (v2) (0000000015B71E48)
[LOG] SoundI::release                          :  (000000003A05AD58)
[LOG] SoundI::release                          :     SFX - passar dialogo (0000000015B71B08)
[LOG] SoundI::release                          :  (000000003A05AEC8)
[LOG] SoundI::release                          :     SFX - Ganhando a bola (0000000015B72188)
[LOG] SoundI::release                          :  (000000003A05AA78)
[LOG] SoundI::release                          :     SFX - icone de acao (0000000015B71CA8)
[LOG] SoundI::release                          :  (00000000459EB458)
[LOG] SoundI::release                          :     SFX - Bola - Voltando (0000000045E4D968)
[LOG] SoundI::release                          :  (000000003A05ABE8)
[LOG] SoundI::release                          :     SFX - Chute (0000000045E4D7C8)
[LOG] Thread::callback                         : FMOD Studio update thread finished.
[LOG] Thread::callback                         : FMOD Studio bank load thread finished.
[LOG] Profile::disconnectAll                   : Profiler disconnecting all clients
[LOG] Thread::callback                         : FMOD Studio sample load thread finished.
[LOG] LiveUpdate::release                      : 
[LOG] LiveUpdate::reset                        : Reset connection (reason Disconnected)
[LOG] Thread::callback                         : FMOD stream thread finished.
[LOG] Thread::callback                         : FMOD mixer thread finished.
[LOG] Profile::disconnectAll                   : Profiler disconnecting all clients
[LOG] Thread::callback                         : FMOD nonblocking thread (0) finished.
[LOG] Thread::callback                         : FMOD file thread finished.
[LOG] SystemI::close                           : Closed.
